have_library: checking for schmidt_decomposition() in -lschmidt_decomposition... -------------------- yes

"gcc -o conftest -I/usr/include/ruby-1.9.1/x86_64-linux -I/usr/include/ruby-1.9.1/ruby/backward -I/usr/include/ruby-1.9.1 -I. -D_FORTIFY_SOURCE=2  -D_FORTIFY_SOURCE=2 -g -O2 -fstack-protector --param=ssp-buffer-size=4 -Wformat -Werror=format-security -Wall -fno-strict-aliasing -fPIC conftest.c  -L. -L/usr/lib -L. -Wl,-Bsymbolic-functions -Wl,-z,relro -rdynamic -Wl,-export-dynamic     -lruby-1.9.1  -lpthread -lrt -ldl -lcrypt -lm   -lc"
checked program was:
/* begin */
1: #include "ruby.h"
2: 
3: int main() {return 0;}
/* end */

"gcc -o conftest -I/usr/include/ruby-1.9.1/x86_64-linux -I/usr/include/ruby-1.9.1/ruby/backward -I/usr/include/ruby-1.9.1 -I. -D_FORTIFY_SOURCE=2  -D_FORTIFY_SOURCE=2 -g -O2 -fstack-protector --param=ssp-buffer-size=4 -Wformat -Werror=format-security -Wall -fno-strict-aliasing -fPIC conftest.c  -L. -L/usr/lib -L. -Wl,-Bsymbolic-functions -Wl,-z,relro -rdynamic -Wl,-export-dynamic     -lruby-1.9.1 -lschmidt_decomposition  -lpthread -lrt -ldl -lcrypt -lm   -lc"
conftest.c: In function ‘t’:
conftest.c:5:53: error: ‘schmidt_decomposition’ undeclared (first use in this function)
conftest.c:5:53: note: each undeclared identifier is reported only once for each function it appears in
conftest.c:5:28: warning: variable ‘p’ set but not used [-Wunused-but-set-variable]
checked program was:
/* begin */
1: #include "ruby.h"
2: 
3: /*top*/
4: int main() {return 0;}
5: int t() { void ((*volatile p)()); p = (void ((*)()))schmidt_decomposition; return 0; }
/* end */

"gcc -o conftest -I/usr/include/ruby-1.9.1/x86_64-linux -I/usr/include/ruby-1.9.1/ruby/backward -I/usr/include/ruby-1.9.1 -I. -D_FORTIFY_SOURCE=2  -D_FORTIFY_SOURCE=2 -g -O2 -fstack-protector --param=ssp-buffer-size=4 -Wformat -Werror=format-security -Wall -fno-strict-aliasing -fPIC conftest.c  -L. -L/usr/lib -L. -Wl,-Bsymbolic-functions -Wl,-z,relro -rdynamic -Wl,-export-dynamic     -lruby-1.9.1 -lschmidt_decomposition  -lpthread -lrt -ldl -lcrypt -lm   -lc"
conftest.c: In function ‘t’:
conftest.c:5:1: warning: implicit declaration of function ‘schmidt_decomposition’ [-Wimplicit-function-declaration]
checked program was:
/* begin */
1: #include "ruby.h"
2: 
3: /*top*/
4: int main() {return 0;}
5: int t() { schmidt_decomposition(); return 0; }
/* end */

--------------------

