This file contains any messages produced by compilers while
running configure, to aid debugging if configure makes a mistake.

It was created by qti configure 0.01, which was
generated by GNU Autoconf 2.69.  Invocation command line was

  $ ./configure 

## --------- ##
## Platform. ##
## --------- ##

hostname = ubuntu
uname -m = x86_64
uname -r = 3.5.0-17-generic
uname -s = Linux
uname -v = #28-Ubuntu SMP Tue Oct 9 19:31:23 UTC 2012

/usr/bin/uname -p = unknown
/bin/uname -X     = unknown

/bin/arch              = unknown
/usr/bin/arch -k       = unknown
/usr/convex/getsysinfo = unknown
/usr/bin/hostinfo      = unknown
/bin/machine           = unknown
/usr/bin/oslevel       = unknown
/bin/universe          = unknown

PATH: /home/li3939108/perl5/bin
PATH: /home/li3939108/Documents/android-sdk-linux/tools
PATH: /home/li3939108/Documents/android-sdk-linux/platform-tools
PATH: /opt/larceny-0.97-bin-native-ia32-linux86/
PATH: /usr/local/sbin
PATH: /usr/local/bin
PATH: /usr/sbin
PATH: /usr/bin
PATH: /sbin
PATH: /bin
PATH: /usr/games
PATH: /usr/local/games


## ----------- ##
## Core tests. ##
## ----------- ##

configure:2110: checking for a BSD-compatible install
configure:2178: result: /usr/bin/install -c
configure:2189: checking whether build environment is sane
configure:2239: result: yes
configure:2380: checking for a thread-safe mkdir -p
configure:2419: result: /bin/mkdir -p
configure:2432: checking for gawk
configure:2448: found /usr/bin/gawk
configure:2459: result: gawk
configure:2470: checking whether make sets $(MAKE)
configure:2492: result: yes
configure:2620: checking for gcc
configure:2636: found /usr/bin/gcc
configure:2647: result: gcc
configure:2876: checking for C compiler version
configure:2885: gcc --version >&5
gcc (Ubuntu/Linaro 4.7.2-2ubuntu1) 4.7.2
Copyright (C) 2012 Free Software Foundation, Inc.
This is free software; see the source for copying conditions.  There is NO
warranty; not even for MERCHANTABILITY or FITNESS FOR A PARTICULAR PURPOSE.

configure:2896: $? = 0
configure:2885: gcc -v >&5
Using built-in specs.
COLLECT_GCC=gcc
COLLECT_LTO_WRAPPER=/usr/lib/gcc/x86_64-linux-gnu/4.7/lto-wrapper
Target: x86_64-linux-gnu
Configured with: ../src/configure -v --with-pkgversion='Ubuntu/Linaro 4.7.2-2ubuntu1' --with-bugurl=file:///usr/share/doc/gcc-4.7/README.Bugs --enable-languages=c,c++,go,fortran,objc,obj-c++ --prefix=/usr --program-suffix=-4.7 --enable-shared --enable-linker-build-id --with-system-zlib --libexecdir=/usr/lib --without-included-gettext --enable-threads=posix --with-gxx-include-dir=/usr/include/c++/4.7 --libdir=/usr/lib --enable-nls --with-sysroot=/ --enable-clocale=gnu --enable-libstdcxx-debug --enable-libstdcxx-time=yes --enable-gnu-unique-object --enable-plugin --enable-objc-gc --disable-werror --with-arch-32=i686 --with-tune=generic --enable-checking=release --build=x86_64-linux-gnu --host=x86_64-linux-gnu --target=x86_64-linux-gnu
Thread model: posix
gcc version 4.7.2 (Ubuntu/Linaro 4.7.2-2ubuntu1) 
configure:2896: $? = 0
configure:2885: gcc -V >&5
gcc: error: unrecognized command line option '-V'
gcc: fatal error: no input files
compilation terminated.
configure:2896: $? = 4
configure:2885: gcc -qversion >&5
gcc: error: unrecognized command line option '-qversion'
gcc: fatal error: no input files
compilation terminated.
configure:2896: $? = 4
configure:2916: checking whether the C compiler works
configure:2938: gcc    conftest.c  >&5
configure:2942: $? = 0
configure:2990: result: yes
configure:2993: checking for C compiler default output file name
configure:2995: result: a.out
configure:3001: checking for suffix of executables
configure:3008: gcc -o conftest    conftest.c  >&5
configure:3012: $? = 0
configure:3034: result: 
configure:3056: checking whether we are cross compiling
configure:3064: gcc -o conftest    conftest.c  >&5
configure:3068: $? = 0
configure:3075: ./conftest
configure:3079: $? = 0
configure:3094: result: no
configure:3099: checking for suffix of object files
configure:3121: gcc -c   conftest.c >&5
configure:3125: $? = 0
configure:3146: result: o
configure:3150: checking whether we are using the GNU C compiler
configure:3169: gcc -c   conftest.c >&5
configure:3169: $? = 0
configure:3178: result: yes
configure:3187: checking whether gcc accepts -g
configure:3207: gcc -c -g  conftest.c >&5
configure:3207: $? = 0
configure:3248: result: yes
configure:3265: checking for gcc option to accept ISO C89
configure:3328: gcc  -c -g -O2  conftest.c >&5
configure:3328: $? = 0
configure:3341: result: none needed
configure:3372: checking for style of include used by make
configure:3400: result: GNU
configure:3426: checking dependency style of gcc
configure:3537: result: gcc3
configure:3563: checking how to run the C preprocessor
configure:3594: gcc -E  conftest.c
configure:3594: $? = 0
configure:3608: gcc -E  conftest.c
conftest.c:11:28: fatal error: ac_nonexistent.h: No such file or directory
compilation terminated.
configure:3608: $? = 1
configure: failed program was:
| /* confdefs.h */
| #define PACKAGE_NAME "qti"
| #define PACKAGE_TARNAME "qti"
| #define PACKAGE_VERSION "0.01"
| #define PACKAGE_STRING "qti 0.01"
| #define PACKAGE_BUGREPORT "bug-report@"
| #define PACKAGE_URL ""
| #define PACKAGE "qti"
| #define VERSION "0.01"
| /* end confdefs.h.  */
| #include <ac_nonexistent.h>
configure:3633: result: gcc -E
configure:3653: gcc -E  conftest.c
configure:3653: $? = 0
configure:3667: gcc -E  conftest.c
conftest.c:11:28: fatal error: ac_nonexistent.h: No such file or directory
compilation terminated.
configure:3667: $? = 1
configure: failed program was:
| /* confdefs.h */
| #define PACKAGE_NAME "qti"
| #define PACKAGE_TARNAME "qti"
| #define PACKAGE_VERSION "0.01"
| #define PACKAGE_STRING "qti 0.01"
| #define PACKAGE_BUGREPORT "bug-report@"
| #define PACKAGE_URL ""
| #define PACKAGE "qti"
| #define VERSION "0.01"
| /* end confdefs.h.  */
| #include <ac_nonexistent.h>
configure:3696: checking for grep that handles long lines and -e
configure:3754: result: /bin/grep
configure:3759: checking for egrep
configure:3821: result: /bin/grep -E
configure:3826: checking for ANSI C header files
configure:3846: gcc -c -g -O2  conftest.c >&5
configure:3846: $? = 0
configure:3919: gcc -o conftest -g -O2   conftest.c  >&5
configure:3919: $? = 0
configure:3919: ./conftest
configure:3919: $? = 0
configure:3930: result: yes
configure:3943: checking for sys/types.h
configure:3943: gcc -c -g -O2  conftest.c >&5
configure:3943: $? = 0
configure:3943: result: yes
configure:3943: checking for sys/stat.h
configure:3943: gcc -c -g -O2  conftest.c >&5
configure:3943: $? = 0
configure:3943: result: yes
configure:3943: checking for stdlib.h
configure:3943: gcc -c -g -O2  conftest.c >&5
configure:3943: $? = 0
configure:3943: result: yes
configure:3943: checking for string.h
configure:3943: gcc -c -g -O2  conftest.c >&5
configure:3943: $? = 0
configure:3943: result: yes
configure:3943: checking for memory.h
configure:3943: gcc -c -g -O2  conftest.c >&5
configure:3943: $? = 0
configure:3943: result: yes
configure:3943: checking for strings.h
configure:3943: gcc -c -g -O2  conftest.c >&5
configure:3943: $? = 0
configure:3943: result: yes
configure:3943: checking for inttypes.h
configure:3943: gcc -c -g -O2  conftest.c >&5
configure:3943: $? = 0
configure:3943: result: yes
configure:3943: checking for stdint.h
configure:3943: gcc -c -g -O2  conftest.c >&5
configure:3943: $? = 0
configure:3943: result: yes
configure:3943: checking for unistd.h
configure:3943: gcc -c -g -O2  conftest.c >&5
configure:3943: $? = 0
configure:3943: result: yes
configure:3958: checking gsl/gsl_linalg.h usability
configure:3958: gcc -c -g -O2  conftest.c >&5
configure:3958: $? = 0
configure:3958: result: yes
configure:3958: checking gsl/gsl_linalg.h presence
configure:3958: gcc -E  conftest.c
configure:3958: $? = 0
configure:3958: result: yes
configure:3958: checking for gsl/gsl_linalg.h
configure:3958: result: yes
configure:3958: checking gsl_matrix.h usability
configure:3958: gcc -c -g -O2  conftest.c >&5
conftest.c:55:24: fatal error: gsl_matrix.h: No such file or directory
compilation terminated.
configure:3958: $? = 1
configure: failed program was:
| /* confdefs.h */
| #define PACKAGE_NAME "qti"
| #define PACKAGE_TARNAME "qti"
| #define PACKAGE_VERSION "0.01"
| #define PACKAGE_STRING "qti 0.01"
| #define PACKAGE_BUGREPORT "bug-report@"
| #define PACKAGE_URL ""
| #define PACKAGE "qti"
| #define VERSION "0.01"
| #define STDC_HEADERS 1
| #define HAVE_SYS_TYPES_H 1
| #define HAVE_SYS_STAT_H 1
| #define HAVE_STDLIB_H 1
| #define HAVE_STRING_H 1
| #define HAVE_MEMORY_H 1
| #define HAVE_STRINGS_H 1
| #define HAVE_INTTYPES_H 1
| #define HAVE_STDINT_H 1
| #define HAVE_UNISTD_H 1
| #define HAVE_GSL_GSL_LINALG_H 1
| /* end confdefs.h.  */
| #include <stdio.h>
| #ifdef HAVE_SYS_TYPES_H
| # include <sys/types.h>
| #endif
| #ifdef HAVE_SYS_STAT_H
| # include <sys/stat.h>
| #endif
| #ifdef STDC_HEADERS
| # include <stdlib.h>
| # include <stddef.h>
| #else
| # ifdef HAVE_STDLIB_H
| #  include <stdlib.h>
| # endif
| #endif
| #ifdef HAVE_STRING_H
| # if !defined STDC_HEADERS && defined HAVE_MEMORY_H
| #  include <memory.h>
| # endif
| # include <string.h>
| #endif
| #ifdef HAVE_STRINGS_H
| # include <strings.h>
| #endif
| #ifdef HAVE_INTTYPES_H
| # include <inttypes.h>
| #endif
| #ifdef HAVE_STDINT_H
| # include <stdint.h>
| #endif
| #ifdef HAVE_UNISTD_H
| # include <unistd.h>
| #endif
| #include <gsl_matrix.h>
configure:3958: result: no
configure:3958: checking gsl_matrix.h presence
configure:3958: gcc -E  conftest.c
conftest.c:22:24: fatal error: gsl_matrix.h: No such file or directory
compilation terminated.
configure:3958: $? = 1
configure: failed program was:
| /* confdefs.h */
| #define PACKAGE_NAME "qti"
| #define PACKAGE_TARNAME "qti"
| #define PACKAGE_VERSION "0.01"
| #define PACKAGE_STRING "qti 0.01"
| #define PACKAGE_BUGREPORT "bug-report@"
| #define PACKAGE_URL ""
| #define PACKAGE "qti"
| #define VERSION "0.01"
| #define STDC_HEADERS 1
| #define HAVE_SYS_TYPES_H 1
| #define HAVE_SYS_STAT_H 1
| #define HAVE_STDLIB_H 1
| #define HAVE_STRING_H 1
| #define HAVE_MEMORY_H 1
| #define HAVE_STRINGS_H 1
| #define HAVE_INTTYPES_H 1
| #define HAVE_STDINT_H 1
| #define HAVE_UNISTD_H 1
| #define HAVE_GSL_GSL_LINALG_H 1
| /* end confdefs.h.  */
| #include <gsl_matrix.h>
configure:3958: result: no
configure:3958: checking for gsl_matrix.h
configure:3958: result: no
configure:3958: checking gsl/gsl_vector.h usability
configure:3958: gcc -c -g -O2  conftest.c >&5
configure:3958: $? = 0
configure:3958: result: yes
configure:3958: checking gsl/gsl_vector.h presence
configure:3958: gcc -E  conftest.c
configure:3958: $? = 0
configure:3958: result: yes
configure:3958: checking for gsl/gsl_vector.h
configure:3958: result: yes
configure:3968: checking for main in -lm
configure:3987: gcc -o conftest -g -O2   conftest.c -lm   >&5
configure:3987: $? = 0
configure:3996: result: yes
configure:4008: checking for main in -lgslcblas
configure:4027: gcc -o conftest -g -O2   conftest.c -lgslcblas  -lm  >&5
configure:4027: $? = 0
configure:4036: result: yes
configure:4048: checking for main in -lgsl
configure:4067: gcc -o conftest -g -O2   conftest.c -lgsl  -lgslcblas -lm  >&5
configure:4067: $? = 0
configure:4076: result: yes
configure:4219: creating ./config.status

## ---------------------- ##
## Running config.status. ##
## ---------------------- ##

This file was extended by qti config.status 0.01, which was
generated by GNU Autoconf 2.69.  Invocation command line was

  CONFIG_FILES    = 
  CONFIG_HEADERS  = 
  CONFIG_LINKS    = 
  CONFIG_COMMANDS = 
  $ ./config.status 

on ubuntu

config.status:853: creating Makefile
config.status:853: creating config.h
config.status:1082: executing depfiles commands

## ---------------- ##
## Cache variables. ##
## ---------------- ##

ac_cv_c_compiler_gnu=yes
ac_cv_env_CC_set=
ac_cv_env_CC_value=
ac_cv_env_CFLAGS_set=
ac_cv_env_CFLAGS_value=
ac_cv_env_CPPFLAGS_set=
ac_cv_env_CPPFLAGS_value=
ac_cv_env_CPP_set=
ac_cv_env_CPP_value=
ac_cv_env_LDFLAGS_set=
ac_cv_env_LDFLAGS_value=
ac_cv_env_LIBS_set=
ac_cv_env_LIBS_value=
ac_cv_env_build_alias_set=
ac_cv_env_build_alias_value=
ac_cv_env_host_alias_set=
ac_cv_env_host_alias_value=
ac_cv_env_target_alias_set=
ac_cv_env_target_alias_value=
ac_cv_header_gsl_gsl_linalg_h=yes
ac_cv_header_gsl_gsl_vector_h=yes
ac_cv_header_gsl_matrix_h=no
ac_cv_header_inttypes_h=yes
ac_cv_header_memory_h=yes
ac_cv_header_stdc=yes
ac_cv_header_stdint_h=yes
ac_cv_header_stdlib_h=yes
ac_cv_header_string_h=yes
ac_cv_header_strings_h=yes
ac_cv_header_sys_stat_h=yes
ac_cv_header_sys_types_h=yes
ac_cv_header_unistd_h=yes
ac_cv_lib_gsl=ac_cv_lib_gsl_main
ac_cv_lib_gsl_main=yes
ac_cv_lib_gslcblas=ac_cv_lib_gslcblas_main
ac_cv_lib_gslcblas_main=yes
ac_cv_lib_m=ac_cv_lib_m_main
ac_cv_lib_m_main=yes
ac_cv_objext=o
ac_cv_path_EGREP='/bin/grep -E'
ac_cv_path_GREP=/bin/grep
ac_cv_path_install='/usr/bin/install -c'
ac_cv_path_mkdir=/bin/mkdir
ac_cv_prog_AWK=gawk
ac_cv_prog_CPP='gcc -E'
ac_cv_prog_ac_ct_CC=gcc
ac_cv_prog_cc_c89=
ac_cv_prog_cc_g=yes
ac_cv_prog_make_make_set=yes
am_cv_CC_dependencies_compiler_type=gcc3

## ----------------- ##
## Output variables. ##
## ----------------- ##

ACLOCAL='${SHELL} /media/__ubuntu_11.10_/home/li3939108/qti/missing --run aclocal-1.11'
AMDEPBACKSLASH='\'
AMDEP_FALSE='#'
AMDEP_TRUE=''
AMTAR='$${TAR-tar}'
AUTOCONF='${SHELL} /media/__ubuntu_11.10_/home/li3939108/qti/missing --run autoconf'
AUTOHEADER='${SHELL} /media/__ubuntu_11.10_/home/li3939108/qti/missing --run autoheader'
AUTOMAKE='${SHELL} /media/__ubuntu_11.10_/home/li3939108/qti/missing --run automake-1.11'
AWK='gawk'
CC='gcc'
CCDEPMODE='depmode=gcc3'
CFLAGS='-g -O2'
CPP='gcc -E'
CPPFLAGS=''
CYGPATH_W='echo'
DEFS='-DHAVE_CONFIG_H'
DEPDIR='.deps'
ECHO_C=''
ECHO_N='-n'
ECHO_T=''
EGREP='/bin/grep -E'
EXEEXT=''
GREP='/bin/grep'
INSTALL_DATA='${INSTALL} -m 644'
INSTALL_PROGRAM='${INSTALL}'
INSTALL_SCRIPT='${INSTALL}'
INSTALL_STRIP_PROGRAM='$(install_sh) -c -s'
LDFLAGS=''
LIBOBJS=''
LIBS='-lgsl -lgslcblas -lm '
LTLIBOBJS=''
MAKEINFO='${SHELL} /media/__ubuntu_11.10_/home/li3939108/qti/missing --run makeinfo'
MKDIR_P='/bin/mkdir -p'
OBJEXT='o'
PACKAGE='qti'
PACKAGE_BUGREPORT='bug-report@'
PACKAGE_NAME='qti'
PACKAGE_STRING='qti 0.01'
PACKAGE_TARNAME='qti'
PACKAGE_URL=''
PACKAGE_VERSION='0.01'
PATH_SEPARATOR=':'
SET_MAKE=''
SHELL='/bin/bash'
STRIP=''
VERSION='0.01'
ac_ct_CC='gcc'
am__EXEEXT_FALSE=''
am__EXEEXT_TRUE='#'
am__fastdepCC_FALSE='#'
am__fastdepCC_TRUE=''
am__include='include'
am__isrc=''
am__leading_dot='.'
am__nodep='_no'
am__quote=''
am__tar='$${TAR-tar} chof - "$$tardir"'
am__untar='$${TAR-tar} xf -'
bindir='${exec_prefix}/bin'
build_alias=''
datadir='${datarootdir}'
datarootdir='${prefix}/share'
docdir='${datarootdir}/doc/${PACKAGE_TARNAME}'
dvidir='${docdir}'
exec_prefix='${prefix}'
host_alias=''
htmldir='${docdir}'
includedir='${prefix}/include'
infodir='${datarootdir}/info'
install_sh='${SHELL} /media/__ubuntu_11.10_/home/li3939108/qti/install-sh'
libdir='${exec_prefix}/lib'
libexecdir='${exec_prefix}/libexec'
localedir='${datarootdir}/locale'
localstatedir='${prefix}/var'
mandir='${datarootdir}/man'
mkdir_p='/bin/mkdir -p'
oldincludedir='/usr/include'
pdfdir='${docdir}'
prefix='/usr/local'
program_transform_name='s,x,x,'
psdir='${docdir}'
sbindir='${exec_prefix}/sbin'
sharedstatedir='${prefix}/com'
sysconfdir='${prefix}/etc'
target_alias=''

## ----------- ##
## confdefs.h. ##
## ----------- ##

/* confdefs.h */
#define PACKAGE_NAME "qti"
#define PACKAGE_TARNAME "qti"
#define PACKAGE_VERSION "0.01"
#define PACKAGE_STRING "qti 0.01"
#define PACKAGE_BUGREPORT "bug-report@"
#define PACKAGE_URL ""
#define PACKAGE "qti"
#define VERSION "0.01"
#define STDC_HEADERS 1
#define HAVE_SYS_TYPES_H 1
#define HAVE_SYS_STAT_H 1
#define HAVE_STDLIB_H 1
#define HAVE_STRING_H 1
#define HAVE_MEMORY_H 1
#define HAVE_STRINGS_H 1
#define HAVE_INTTYPES_H 1
#define HAVE_STDINT_H 1
#define HAVE_UNISTD_H 1
#define HAVE_GSL_GSL_LINALG_H 1
#define HAVE_GSL_GSL_VECTOR_H 1
#define HAVE_LIBM 1
#define HAVE_LIBGSLCBLAS 1
#define HAVE_LIBGSL 1

configure: exit 0
